<?xml version="1.0" encoding="UTF-8"?>
<!-- Generated by org.testng.reporters.JUnitReportReporter -->
<testsuite skipped="0" hostname="X390" name="first.threeLesson" tests="1" failures="0" timestamp="2021-01-03T19:39:31 EST" time="13.015" errors="0">
  <testcase name="url" time="13.015" classname="first.threeLesson"/>
  <system-out/>
</testsuite> <!-- first.threeLesson -->
