<?xml version="1.0" encoding="UTF-8"?>
<!-- Generated by org.testng.reporters.JUnitReportReporter -->
<testsuite skipped="0" hostname="X390" name="first.ifElseScreenShoot" tests="1" failures="0" timestamp="2021-02-08T20:56:52 EST" time="6.515" errors="1">
  <testcase name="testGuru99TakeScreenShot" time="6.515" classname="first.ifElseScreenShoot">
    <error type="java.nio.file.AccessDeniedException" message="C:\Users\LOCALA~1\AppData\Local\Temp\screenshot1238983633612174033.png -&gt; c:\test.png">
      <![CDATA[java.nio.file.AccessDeniedException: C:\Users\LOCALA~1\AppData\Local\Temp\screenshot1238983633612174033.png -> c:\test.png
at sun.nio.fs.WindowsException.translateToIOException(Unknown Source)
at sun.nio.fs.WindowsException.rethrowAsIOException(Unknown Source)
at sun.nio.fs.WindowsFileCopy.copy(Unknown Source)
at sun.nio.fs.WindowsFileSystemProvider.copy(Unknown Source)
at java.nio.file.Files.copy(Unknown Source)
at org.apache.commons.io.FileUtils.doCopyFile(FileUtils.java:1392)
at org.apache.commons.io.FileUtils.copyFile(FileUtils.java:885)
at org.apache.commons.io.FileUtils.copyFile(FileUtils.java:835)
at org.apache.commons.io.FileUtils.copyFile(FileUtils.java:802)
at first.ifElseScreenShoot.takeSnapShot(ifElseScreenShoot.java:65)
at first.ifElseScreenShoot.testGuru99TakeScreenShot(ifElseScreenShoot.java:33)
at sun.reflect.NativeMethodAccessorImpl.invoke0(Native Method)
at sun.reflect.NativeMethodAccessorImpl.invoke(Unknown Source)
at sun.reflect.DelegatingMethodAccessorImpl.invoke(Unknown Source)
at java.lang.reflect.Method.invoke(Unknown Source)
at org.testng.internal.MethodInvocationHelper.invokeMethod(MethodInvocationHelper.java:132)
at org.testng.internal.TestInvoker.invokeMethod(TestInvoker.java:599)
at org.testng.internal.TestInvoker.invokeTestMethod(TestInvoker.java:174)
at org.testng.internal.MethodRunner.runInSequence(MethodRunner.java:46)
at org.testng.internal.TestInvoker$MethodInvocationAgent.invoke(TestInvoker.java:822)
at org.testng.internal.TestInvoker.invokeTestMethods(TestInvoker.java:147)
at org.testng.internal.TestMethodWorker.invokeTestMethods(TestMethodWorker.java:146)
at org.testng.internal.TestMethodWorker.run(TestMethodWorker.java:128)
at java.util.ArrayList.forEach(Unknown Source)
at org.testng.TestRunner.privateRun(TestRunner.java:764)
at org.testng.TestRunner.run(TestRunner.java:585)
at org.testng.SuiteRunner.runTest(SuiteRunner.java:384)
at org.testng.SuiteRunner.runSequentially(SuiteRunner.java:378)
at org.testng.SuiteRunner.privateRun(SuiteRunner.java:337)
at org.testng.SuiteRunner.run(SuiteRunner.java:286)
at org.testng.SuiteRunnerWorker.runSuite(SuiteRunnerWorker.java:53)
at org.testng.SuiteRunnerWorker.run(SuiteRunnerWorker.java:96)
at org.testng.TestNG.runSuitesSequentially(TestNG.java:1218)
at org.testng.TestNG.runSuitesLocally(TestNG.java:1140)
at org.testng.TestNG.runSuites(TestNG.java:1069)
at org.testng.TestNG.run(TestNG.java:1037)
at org.testng.remote.AbstractRemoteTestNG.run(AbstractRemoteTestNG.java:115)
at org.testng.remote.RemoteTestNG.initAndRun(RemoteTestNG.java:251)
at org.testng.remote.RemoteTestNG.main(RemoteTestNG.java:77)
]]>
    </error>
  </testcase> <!-- testGuru99TakeScreenShot -->
  <system-out/>
</testsuite> <!-- first.ifElseScreenShoot -->
